teleop_drone/build/outputs/logs/manifest-merger-debug-report.txt
-- Merging decision tree log ---
manifest
ADDED from src/main/AndroidManifest.xml:2:1-21:12
	package
		ADDED from src/main/AndroidManifest.xml:3:7-37
		INJECTED from src/main/AndroidManifest.xml
		INJECTED from src/main/AndroidManifest.xml
	android:versionName
		INJECTED from src/main/AndroidManifest.xml
		INJECTED from src/main/AndroidManifest.xml
	xmlns:tools
		ADDED from src/main/AndroidManifest.xml:4:7-53
	xmlns:android
		ADDED from src/main/AndroidManifest.xml:2:11-69
	android:versionCode
		INJECTED from src/main/AndroidManifest.xml
		INJECTED from src/main/AndroidManifest.xml
uses-permission#android.permission.INTERNET
ADDED from src/main/AndroidManifest.xml:5:5-67
	android:name
		ADDED from src/main/AndroidManifest.xml:5:22-64
application
ADDED from src/main/AndroidManifest.xml:6:5-20:19
MERGED from [com.github.rosjava.android_extras:gingerbread:0.2.0] AndroidManifest.xml:9:5-20
MERGED from [org.ros.android_core:android_10:0.2.0] AndroidManifest.xml:18:5-34:19
MERGED from [com.github.rosjava.android_extras:zxing:0.2.0] AndroidManifest.xml:7:5-20
MERGED from [com.android.support:design:24.2.1] AndroidManifest.xml:22:5-20
MERGED from [com.android.support:appcompat-v7:24.2.1] AndroidManifest.xml:25:5-20
MERGED from [com.android.support:support-v4:24.2.1] AndroidManifest.xml:25:5-20
MERGED from [com.android.support:support-fragment:24.2.1] AndroidManifest.xml:25:5-20
MERGED from [com.android.support:support-media-compat:24.2.1] AndroidManifest.xml:25:5-20
MERGED from [com.android.support:support-core-utils:24.2.1] AndroidManifest.xml:25:5-20
MERGED from [com.android.support:animated-vector-drawable:24.2.1] AndroidManifest.xml:22:5-20
MERGED from [com.android.support:support-vector-drawable:24.2.1] AndroidManifest.xml:23:5-20
MERGED from [com.android.support:support-core-ui:24.2.1] AndroidManifest.xml:25:5-20
MERGED from [com.android.support:support-compat:24.2.1] AndroidManifest.xml:25:5-20
	android:label
		ADDED from src/main/AndroidManifest.xml:6:47-79
	android:icon
		ADDED from src/main/AndroidManifest.xml:6:80-116
		REJECTED from [org.ros.android_core:android_10:0.2.0] AndroidManifest.xml:19:9-36
	tools:replace
		ADDED from src/main/AndroidManifest.xml:6:18-46
activity#com.teleop_drone.org.MainActivity
ADDED from src/main/AndroidManifest.xml:7:9-13:20
	android:label
		ADDED from src/main/AndroidManifest.xml:8:19-51
	android:name
		ADDED from src/main/AndroidManifest.xml:7:19-67
intent-filter#android.intent.action.MAIN+android.intent.category.LAUNCHER
ADDED from src/main/AndroidManifest.xml:9:13-12:29
action#android.intent.action.MAIN
ADDED from src/main/AndroidManifest.xml:10:17-69
	android:name
		ADDED from src/main/AndroidManifest.xml:10:25-66
category#android.intent.category.LAUNCHER
ADDED from src/main/AndroidManifest.xml:11:17-77
	android:name
		ADDED from src/main/AndroidManifest.xml:11:27-74
activity#org.ros.android.MasterChooser
ADDED from src/main/AndroidManifest.xml:14:9-65
MERGED from [org.ros.android_core:android_10:0.2.0] AndroidManifest.xml:22:9-25:45
	android:label
		ADDED from [org.ros.android_core:android_10:0.2.0] AndroidManifest.xml:24:13-45
	android:launchMode
		ADDED from [org.ros.android_core:android_10:0.2.0] AndroidManifest.xml:25:13-42
	android:name
		ADDED from src/main/AndroidManifest.xml:14:19-63
service#org.ros.android.NodeMainExecutorService
ADDED from src/main/AndroidManifest.xml:15:9-19:19
MERGED from [org.ros.android_core:android_10:0.2.0] AndroidManifest.xml:27:9-33:19
	tools:ignore
		ADDED from [org.ros.android_core:android_10:0.2.0] AndroidManifest.xml:29:13-43
	android:name
		ADDED from src/main/AndroidManifest.xml:15:18-72
intent-filter#org.ros.android.NodeMainExecutorService
ADDED from src/main/AndroidManifest.xml:16:13-18:29
action#org.ros.android.NodeMainExecutorService
ADDED from src/main/AndroidManifest.xml:17:17-81
	android:name
		ADDED from src/main/AndroidManifest.xml:17:25-79
uses-sdk
INJECTED from src/main/AndroidManifest.xml reason: use-sdk injection requested
MERGED from [org.ros.android_core:android_15:0.2.0] AndroidManifest.xml:8:5-10:41
MERGED from [com.github.rosjava.android_remocons:common_tools:0.2.0] AndroidManifest.xml:8:5-10:41
MERGED from [com.github.rosjava.android_extras:gingerbread:0.2.0] AndroidManifest.xml:7:5-44
MERGED from [org.ros.android_core:android_10:0.2.0] AndroidManifest.xml:8:5-10:41
MERGED from [com.android.support:design:24.2.1] AndroidManifest.xml:20:5-43
MERGED from [com.android.support:appcompat-v7:24.2.1] AndroidManifest.xml:21:5-23:78
MERGED from [com.android.support:support-v4:24.2.1] AndroidManifest.xml:21:5-23:54
MERGED from [com.android.support:support-fragment:24.2.1] AndroidManifest.xml:21:5-23:60
MERGED from [com.android.support:support-media-compat:24.2.1] AndroidManifest.xml:21:5-23:63
MERGED from [com.android.support:support-core-utils:24.2.1] AndroidManifest.xml:21:5-23:61
MERGED from [com.android.support:animated-vector-drawable:24.2.1] AndroidManifest.xml:20:5-44
MERGED from [com.android.support:support-vector-drawable:24.2.1] AndroidManifest.xml:21:5-43
MERGED from [com.android.support:recyclerview-v7:24.2.1] AndroidManifest.xml:20:5-43
MERGED from [com.android.support:support-core-ui:24.2.1] AndroidManifest.xml:21:5-23:58
MERGED from [com.android.support:support-compat:24.2.1] AndroidManifest.xml:21:5-23:58
	tools:overrideLibrary
		ADDED from [com.android.support:appcompat-v7:24.2.1] AndroidManifest.xml:23:9-75
	android:targetSdkVersion
		INJECTED from src/main/AndroidManifest.xml
		INJECTED from src/main/AndroidManifest.xml
	android:minSdkVersion
		INJECTED from src/main/AndroidManifest.xml
		INJECTED from src/main/AndroidManifest.xml
uses-permission#android.permission.WRITE_EXTERNAL_STORAGE
ADDED from [org.ros.android_core:android_10:0.2.0] AndroidManifest.xml:12:5-81
	android:name
		ADDED from [org.ros.android_core:android_10:0.2.0] AndroidManifest.xml:12:22-78
uses-permission#android.permission.ACCESS_WIFI_STATE
ADDED from [org.ros.android_core:android_10:0.2.0] AndroidManifest.xml:13:5-76
	android:name
		ADDED from [org.ros.android_core:android_10:0.2.0] AndroidManifest.xml:13:22-73
uses-permission#android.permission.CHANGE_WIFI_STATE
ADDED from [org.ros.android_core:android_10:0.2.0] AndroidManifest.xml:14:5-76
	android:name
		ADDED from [org.ros.android_core:android_10:0.2.0] AndroidManifest.xml:14:22-73
uses-permission#android.permission.WAKE_LOCK
ADDED from [org.ros.android_core:android_10:0.2.0] AndroidManifest.xml:15:5-68
	android:name
		ADDED from [org.ros.android_core:android_10:0.2.0] AndroidManifest.xml:15:22-65
uses-permission#android.permission.SYSTEM_ALERT_WINDOW
ADDED from [org.ros.android_core:android_10:0.2.0] AndroidManifest.xml:16:5-78
	android:name
		ADDED from [org.ros.android_core:android_10:0.2.0] AndroidManifest.xml:16:22-75
android:uses-permission#android.permission.READ_EXTERNAL_STORAGE
IMPLIED from src/main/AndroidManifest.xml:2:1-21:12 reason: org.ros.android.android_10 requested WRITE_EXTERNAL_STORAGE
android:uses-permission#android.permission.READ_PHONE_STATE
IMPLIED from src/main/AndroidManifest.xml:2:1-21:12 reason: com.google.zxing has a targetSdkVersion < 4